Build started 9/19/2012 5:30:47 PM.
     1>Project "C:\Users\Ricky\Documents\School\Fall 2012\cpts223\ProgrammingProject1\ProgrammingProject1\ProgrammingProject1.vcxproj" on node 2 (build target(s)).
     1>InitializeBuildStatus:
         Creating "Debug\ProgrammingProject1.unsuccessfulbuild" because "AlwaysCreate" was specified.
       ClCompile:
         c:\Program Files (x86)\Microsoft Visual Studio 10.0\VC\bin\CL.exe /c /ZI /nologo /W3 /WX- /Od /Oy- /D WIN32 /D _DEBUG /D _CONSOLE /D _UNICODE /D UNICODE /Gm /EHsc /RTC1 /MDd /GS /fp:precise /Zc:wchar_t /Zc:forScope /Fo"Debug\\" /Fd"Debug\vc100.pdb" /Gd /TP /analyze- /errorReport:prompt ListMyJosephus.cpp Person.cpp TestListMyJosephus.cpp TestVectorMyJosephus.cpp VectorMyJosephus.cpp common.cpp main.cpp rTime.cpp
         rTime.cpp
     1>c:\users\ricky\documents\school\fall 2012\cpts223\programmingproject1\programmingproject1\rtime.cpp(17): warning C4244: '=' : conversion from 'clock_t' to 'float', possible loss of data
         main.cpp
         common.cpp
         VectorMyJosephus.cpp
         TestVectorMyJosephus.cpp
         TestListMyJosephus.cpp
         Person.cpp
         ListMyJosephus.cpp
         Generating Code...
       ManifestResourceCompile:
         All outputs are up-to-date.
       Link:
         c:\Program Files (x86)\Microsoft Visual Studio 10.0\VC\bin\link.exe /ERRORREPORT:PROMPT /OUT:"C:\Users\Ricky\Documents\School\Fall 2012\cpts223\ProgrammingProject1\Debug\ProgrammingProject1.exe" /INCREMENTAL /NOLOGO kernel32.lib user32.lib gdi32.lib winspool.lib comdlg32.lib advapi32.lib shell32.lib ole32.lib oleaut32.lib uuid.lib odbc32.lib odbccp32.lib /MANIFEST /ManifestFile:"Debug\ProgrammingProject1.exe.intermediate.manifest" /MANIFESTUAC:"level='asInvoker' uiAccess='false'" /DEBUG /PDB:"C:\Users\Ricky\Documents\School\Fall 2012\cpts223\ProgrammingProject1\Debug\ProgrammingProject1.pdb" /SUBSYSTEM:CONSOLE /TLBID:1 /DYNAMICBASE /NXCOMPAT /IMPLIB:"C:\Users\Ricky\Documents\School\Fall 2012\cpts223\ProgrammingProject1\Debug\ProgrammingProject1.lib" /MACHINE:X86 Debug\ProgrammingProject1.exe.embed.manifest.res
         Debug\common.obj
         Debug\ElapsedTimeExample.obj
         Debug\ListMyJosephus.obj
         Debug\main.obj
         Debug\menu_system.obj
         Debug\Person.obj
         Debug\TestListMyJosephus.obj
         Debug\TestVectorMyJosephus.obj
         Debug\rTime.obj
         Debug\VectorMyJosephus.obj
       Manifest:
         C:\Program Files (x86)\Microsoft SDKs\Windows\v7.0A\bin\mt.exe /nologo /verbose /out:"Debug\ProgrammingProject1.exe.embed.manifest" /manifest Debug\ProgrammingProject1.exe.intermediate.manifest
         All outputs are up-to-date.
       LinkEmbedManifest:
         All outputs are up-to-date.
         ProgrammingProject1.vcxproj -> C:\Users\Ricky\Documents\School\Fall 2012\cpts223\ProgrammingProject1\Debug\ProgrammingProject1.exe
       FinalizeBuildStatus:
         Deleting file "Debug\ProgrammingProject1.unsuccessfulbuild".
         Touching "Debug\ProgrammingProject1.lastbuildstate".
     1>Done Building Project "C:\Users\Ricky\Documents\School\Fall 2012\cpts223\ProgrammingProject1\ProgrammingProject1\ProgrammingProject1.vcxproj" (build target(s)).

Build succeeded.

Time Elapsed 00:00:05.05
